running egg_info
creating ../../build/mini_project/mini_project.egg-info
writing ../../build/mini_project/mini_project.egg-info/PKG-INFO
writing dependency_links to ../../build/mini_project/mini_project.egg-info/dependency_links.txt
writing entry points to ../../build/mini_project/mini_project.egg-info/entry_points.txt
writing requirements to ../../build/mini_project/mini_project.egg-info/requires.txt
writing top-level names to ../../build/mini_project/mini_project.egg-info/top_level.txt
writing manifest file '../../build/mini_project/mini_project.egg-info/SOURCES.txt'
reading manifest file '../../build/mini_project/mini_project.egg-info/SOURCES.txt'
writing manifest file '../../build/mini_project/mini_project.egg-info/SOURCES.txt'
running build
running build_py
creating /colossus/krish/ros2_ws/build/mini_project/build
creating /colossus/krish/ros2_ws/build/mini_project/build/lib
creating /colossus/krish/ros2_ws/build/mini_project/build/lib/mini_project
copying mini_project/turtle_service.py -> /colossus/krish/ros2_ws/build/mini_project/build/lib/mini_project
copying mini_project/controller_node.py -> /colossus/krish/ros2_ws/build/mini_project/build/lib/mini_project
copying mini_project/__init__.py -> /colossus/krish/ros2_ws/build/mini_project/build/lib/mini_project
running install
running install_lib
creating /colossus/krish/ros2_ws/install/mini_project/lib/python3.10/site-packages/mini_project
copying /colossus/krish/ros2_ws/build/mini_project/build/lib/mini_project/turtle_service.py -> /colossus/krish/ros2_ws/install/mini_project/lib/python3.10/site-packages/mini_project
copying /colossus/krish/ros2_ws/build/mini_project/build/lib/mini_project/controller_node.py -> /colossus/krish/ros2_ws/install/mini_project/lib/python3.10/site-packages/mini_project
copying /colossus/krish/ros2_ws/build/mini_project/build/lib/mini_project/__init__.py -> /colossus/krish/ros2_ws/install/mini_project/lib/python3.10/site-packages/mini_project
byte-compiling /colossus/krish/ros2_ws/install/mini_project/lib/python3.10/site-packages/mini_project/turtle_service.py to turtle_service.cpython-310.pyc
byte-compiling /colossus/krish/ros2_ws/install/mini_project/lib/python3.10/site-packages/mini_project/controller_node.py to controller_node.cpython-310.pyc
byte-compiling /colossus/krish/ros2_ws/install/mini_project/lib/python3.10/site-packages/mini_project/__init__.py to __init__.cpython-310.pyc
running install_data
creating /colossus/krish/ros2_ws/install/mini_project/share/ament_index
creating /colossus/krish/ros2_ws/install/mini_project/share/ament_index/resource_index
creating /colossus/krish/ros2_ws/install/mini_project/share/ament_index/resource_index/packages
copying resource/mini_project -> /colossus/krish/ros2_ws/install/mini_project/share/ament_index/resource_index/packages
copying package.xml -> /colossus/krish/ros2_ws/install/mini_project/share/mini_project
running install_egg_info
Copying ../../build/mini_project/mini_project.egg-info to /colossus/krish/ros2_ws/install/mini_project/lib/python3.10/site-packages/mini_project-0.0.0-py3.10.egg-info
running install_scripts
Installing controller_node script to /colossus/krish/ros2_ws/install/mini_project/lib/mini_project
Installing turtle_service script to /colossus/krish/ros2_ws/install/mini_project/lib/mini_project
writing list of installed files to '/colossus/krish/ros2_ws/build/mini_project/install.log'
